<?xml version="1.0" encoding="UTF-8"?>
<testng-results ignored="0" total="1" passed="1" failed="0" skipped="0">
  <reporter-output>
    <line>
      <![CDATA[Hello]]>
    </line>
  </reporter-output>
  <suite started-at="2022-07-18T19:35:18 GMT-07:00" name="Default suite" finished-at="2022-07-18T19:35:33 GMT-07:00" duration-ms="15742">
    <groups>
    </groups>
    <test started-at="2022-07-18T19:35:18 GMT-07:00" name="Default test" finished-at="2022-07-18T19:35:33 GMT-07:00" duration-ms="15742">
      <class name="sample.sampletestextend">
        <test-method is-config="true" signature="beforeMethod()[pri:0, instance:sample.sampletestextend@74751b3]" started-at="2022-07-18T19:35:18 GMT-07:00" name="beforeMethod" finished-at="2022-07-18T19:35:33 GMT-07:00" duration-ms="14900" status="PASS">
          <reporter-output>
          </reporter-output>
        </test-method> <!-- beforeMethod -->
        <test-method signature="f()[pri:0, instance:sample.sampletestextend@74751b3]" started-at="2022-07-18T19:35:33 GMT-07:00" name="f" finished-at="2022-07-18T19:35:33 GMT-07:00" duration-ms="13" status="PASS">
          <reporter-output>
            <line>
              <![CDATA[Hello]]>
            </line>
          </reporter-output>
        </test-method> <!-- f -->
        <test-method is-config="true" signature="afterMethod()[pri:0, instance:sample.sampletestextend@74751b3]" started-at="2022-07-18T19:35:33 GMT-07:00" name="afterMethod" finished-at="2022-07-18T19:35:33 GMT-07:00" duration-ms="738" status="PASS">
          <reporter-output>
          </reporter-output>
        </test-method> <!-- afterMethod -->
      </class> <!-- sample.sampletestextend -->
    </test> <!-- Default test -->
  </suite> <!-- Default suite -->
</testng-results>
